<?xml version="1.0" encoding="UTF-8"?>
<testsuite name="regression"
           tests="5"
           failures="0"
           errors="0"
           skipped="0"
           time="8.621">
  <properties />
  
  
            <testcase name="verifyUserShouldNavigateToComputerPageSuccessfully" time="0.656" classname="com.nopcommerce.demo.testsuite.ComputerPageTest" />
                <testcase name="verifyThatUserShouldBuildYouOwnComputerAndAddThemToCartSuccessfully" time="2.360" classname="com.nopcommerce.demo.testsuite.ComputerPageTest" />
                <testcase name="verifyUserShouldNavigateToDesktopsPageSuccessfully" time="0.987" classname="com.nopcommerce.demo.testsuite.ComputerPageTest" />
                <testcase name="verifyThatUserShouldBuildYouOwnComputerAndAddThemToCartSuccessfully" time="2.284" classname="com.nopcommerce.demo.testsuite.ComputerPageTest" />
                <testcase name="verifyThatUserShouldBuildYouOwnComputerAndAddThemToCartSuccessfully" time="2.334" classname="com.nopcommerce.demo.testsuite.ComputerPageTest" />
      
</testsuite>
